Detecting compiler hash for triplet x64-windows...
Compiler found: Z:/vsbuildtools/VC/Tools/MSVC/14.51.36231/bin/Hostx64/x64/cl.exe
The following packages will be built and installed:
  * brotli:x64-windows@1.2.0
  * bzip2[core,tool]:x64-windows@1.0.8#6
  * egl-registry:x64-windows@2025-05-27
    entt:x64-windows@3.16.0
  * freetype[brotli,bzip2,core,png,zlib]:x64-windows@2.13.3
  * libflac[core,stack-protector]:x64-windows@1.5.0
  * libogg:x64-windows@1.3.6#1
  * libpng:x64-windows@1.6.54
  * libvorbis:x64-windows@1.3.7#4
  * miniaudio:x64-windows@0.11.24
    nlohmann-json:x64-windows@3.12.0#2
  * opengl:x64-windows@2022-12-04#3
  * opengl-registry:x64-windows@2025-10-23
    sfml[audio,core,graphics,network,window]:x64-windows@3.0.2
  * stb:x64-windows@2024-07-29#1
    termcolor:x64-windows@2.1.0
  * vcpkg-cmake:x64-windows@2024-04-23
  * vcpkg-cmake-config:x64-windows@2024-05-23
  * zlib:x64-windows@1.3.1
Additional packages (*) will be modified to complete this operation.
Restored 19 package(s) from C:\Users\danya\AppData\Local\vcpkg\archives in 3.4 s. Use --debug to see more details.
Installing 1/19 vcpkg-cmake-config:x64-windows@2024-05-23...
Elapsed time to handle vcpkg-cmake-config:x64-windows: 7.48 ms
vcpkg-cmake-config:x64-windows package ABI: 813162756c201708782eda4a06c91bce948a9b453b58ba6f173494107b6df25e
Installing 2/19 vcpkg-cmake:x64-windows@2024-04-23...
Elapsed time to handle vcpkg-cmake:x64-windows: 13.1 ms
vcpkg-cmake:x64-windows package ABI: 50a223c207216905bfa2f7d9d2a798ab5a761a53a5fb2eb79d9f172cbc699254
Installing 3/19 entt:x64-windows@3.16.0...
Elapsed time to handle entt:x64-windows: 115 ms
entt:x64-windows package ABI: 6305191c5ca01c117ed0ea7dede252770fc5259af6d673cac0231b4993044325
Installing 4/19 nlohmann-json:x64-windows@3.12.0#2...
Elapsed time to handle nlohmann-json:x64-windows: 37.1 ms
nlohmann-json:x64-windows package ABI: cbce3a43502f054c83aa58617b624ee81f1862f3c2e8f17179d8437a6175b769
Installing 5/19 egl-registry:x64-windows@2025-05-27...
Elapsed time to handle egl-registry:x64-windows: 10.4 ms
egl-registry:x64-windows package ABI: ee880ad4db0c5e7f4718bc922ac680d8f7b5bcc8197737f02f1c9e5c0fda676d
Installing 6/19 opengl-registry:x64-windows@2025-10-23...
Elapsed time to handle opengl-registry:x64-windows: 23.1 ms
opengl-registry:x64-windows package ABI: d0e0b6dfc6db244fed432fb4291fc64f7a9b4c81d47b79035f74268ad5118c32
Installing 7/19 opengl:x64-windows@2022-12-04#3...
Elapsed time to handle opengl:x64-windows: 15.5 ms
opengl:x64-windows package ABI: 03ef91c0a2a0495ec804ef0d723715144599bd89f22e56a518453bac04c93336
Installing 8/19 stb:x64-windows@2024-07-29#1...
Elapsed time to handle stb:x64-windows: 20 ms
stb:x64-windows package ABI: 6ad1398d072075184a537029e7e4588b1dd9011705d55051cc9314deca6497c0
Installing 9/19 zlib:x64-windows@1.3.1...
Elapsed time to handle zlib:x64-windows: 15.9 ms
zlib:x64-windows package ABI: 108365c8e4205690e65a4f7c7f43860d8a5ed618d7a54876f360369c396ba75e
Installing 10/19 libpng:x64-windows@1.6.54...
Elapsed time to handle libpng:x64-windows: 28.7 ms
libpng:x64-windows package ABI: 5afede12d088be5df546d0994c0fa467b09b9c55026dfdbd433c08b1463291a5
Installing 11/19 bzip2[core,tool]:x64-windows@1.0.8#6...
Elapsed time to handle bzip2:x64-windows: 18.1 ms
bzip2:x64-windows package ABI: 6a3adf5d08fce6ff7195e5806f36dc3792276d9090af488991b51578e3183a59
Installing 12/19 brotli:x64-windows@1.2.0...
Elapsed time to handle brotli:x64-windows: 32.2 ms
brotli:x64-windows package ABI: c29b5fc22989d147f44aa803679aa03be4f9c0f9f4df1b45a1c5ba951d525bb3
Installing 13/19 freetype[brotli,bzip2,core,png,zlib]:x64-windows@2.13.3...
Elapsed time to handle freetype:x64-windows: 54.8 ms
freetype:x64-windows package ABI: 385c5cebea9abfdd0ddaffd61f63403ce95156f84c2c9207f19bbedf63876d80
Installing 14/19 miniaudio:x64-windows@0.11.24...
Elapsed time to handle miniaudio:x64-windows: 11.7 ms
miniaudio:x64-windows package ABI: 51b239e07ab215fca1eae3a4045749b496acf944accbd3402ba2a067be662b51
Installing 15/19 libogg:x64-windows@1.3.6#1...
Elapsed time to handle libogg:x64-windows: 28.5 ms
libogg:x64-windows package ABI: 6f07637541a60d15ad9985cb110c6803f2ad6727d90c2762a395a1ccc6f8cbb4
Installing 16/19 libvorbis:x64-windows@1.3.7#4...
Elapsed time to handle libvorbis:x64-windows: 25.5 ms
libvorbis:x64-windows package ABI: 0671ca72fc0209c70aa5fd8a06552161ed343e95163fa1e1e5d3bc92d69685e1
Installing 17/19 libflac[core,stack-protector]:x64-windows@1.5.0...
Elapsed time to handle libflac:x64-windows: 30.3 ms
libflac:x64-windows package ABI: 56d4af90685d9e236a91dbefa9f4e4fb4892ee1998d8ae36cb0e21ace06bb70a
Installing 18/19 sfml[audio,core,graphics,network,window]:x64-windows@3.0.2...
Elapsed time to handle sfml:x64-windows: 125 ms
sfml:x64-windows package ABI: 6a5b4304e0147497c6f438dca2f0758cc30dc7b1a2511b9c1c8fc88e38e16123
Installing 19/19 termcolor:x64-windows@2.1.0...
Elapsed time to handle termcolor:x64-windows: 12.7 ms
termcolor:x64-windows package ABI: 919c3c1f4d9eb5ca15acde002e7c35b3897004c520bc875b6e60b8e2f1071662
Installed contents are licensed to you by owners. Microsoft is not responsible for, nor does it grant any licenses to, third-party packages.
Some packages did not declare an SPDX license. Check the `copyright` file for each package for more information about their licensing.
Packages installed in this vcpkg installation declare the following licenses:
(FTL OR GPL-2.0-or-later)
(MIT OR CC-PDDC)
(Unlicense OR MIT-0)
Apache-2.0
BSD-3-Clause
MIT
Zlib
bzip2-1.0.6
libpng-2.0
entt provides CMake targets:

    find_package(EnTT CONFIG REQUIRED)
    target_link_libraries(main PRIVATE EnTT::EnTT)

The package nlohmann-json provides CMake targets:

    find_package(nlohmann_json CONFIG REQUIRED)
    target_link_libraries(main PRIVATE nlohmann_json::nlohmann_json)

The package nlohmann-json can be configured to not provide implicit conversions via a custom triplet file:

    set(nlohmann-json_IMPLICIT_CONVERSIONS OFF)

For more information, see the docs here:
    
    https://json.nlohmann.me/api/macros/json_use_implicit_conversions/

The package sfml provides CMake targets:

    find_package(SFML COMPONENTS Network Graphics Window Audio System CONFIG REQUIRED)
    target_link_libraries(main PRIVATE SFML::Network SFML::Graphics SFML::Window SFML::Audio SFML::System)

    # If you want SFML to provide an implementation of main():
    target_link_libraries(main PRIVATE SFML::Main)

termcolor is header-only and can be used from CMake via:

  find_path(TERMCOLOR_INCLUDE_DIRS "termcolor/termcolor.hpp")
  target_include_directories(main PRIVATE ${TERMCOLOR_INCLUDE_DIRS})

All requested installations completed successfully in: 657 ms
